<?xml version="1.0" encoding="UTF-8"?>
<testng-results skipped="3" failed="1" total="8" passed="4">
  <reporter-output>
  </reporter-output>
  <suite name="Default suite" duration-ms="14229" started-at="2016-07-11T09:29:55Z" finished-at="2016-07-11T09:30:09Z">
    <groups>
    </groups>
    <test name="Default test" duration-ms="14229" started-at="2016-07-11T09:29:55Z" finished-at="2016-07-11T09:30:09Z">
      <class name="BasicTattocjavascript">
        <test-method status="PASS" signature="loadDrivers()[pri:0, instance:BasicTattocjavascript@2344fc66]" name="loadDrivers" is-config="true" duration-ms="12488" started-at="2016-07-11T14:59:55Z" finished-at="2016-07-11T15:00:07Z">
          <reporter-output>
          </reporter-output>
        </test-method> <!-- loadDrivers -->
        <test-method status="PASS" signature="testHomePageTitle()[pri:0, instance:BasicTattocjavascript@2344fc66]" name="testHomePageTitle" duration-ms="180" started-at="2016-07-11T15:00:07Z" finished-at="2016-07-11T15:00:07Z">
          <reporter-output>
          </reporter-output>
        </test-method> <!-- testHomePageTitle -->
        <test-method status="PASS" signature="click_Tatoc_Link()[pri:1, instance:BasicTattocjavascript@2344fc66]" name="click_Tatoc_Link" duration-ms="1056" started-at="2016-07-11T15:00:07Z" finished-at="2016-07-11T15:00:08Z">
          <reporter-output>
          </reporter-output>
        </test-method> <!-- click_Tatoc_Link -->
        <test-method status="PASS" signature="clickBasicCourse()[pri:0, instance:BasicTattocjavascript@2344fc66]" name="clickBasicCourse" duration-ms="237" started-at="2016-07-11T15:00:08Z" depends-on-methods="BasicTattocjavascript.click_Tatoc_Link" finished-at="2016-07-11T15:00:09Z">
          <reporter-output>
          </reporter-output>
        </test-method> <!-- clickBasicCourse -->
        <test-method status="PASS" signature="clickGreenbox()[pri:0, instance:BasicTattocjavascript@2344fc66]" name="clickGreenbox" duration-ms="147" started-at="2016-07-11T15:00:09Z" depends-on-methods="BasicTattocjavascript.clickBasicCourse" finished-at="2016-07-11T15:00:09Z">
          <reporter-output>
          </reporter-output>
        </test-method> <!-- clickGreenbox -->
        <test-method status="FAIL" signature="changeBoxcolor()[pri:0, instance:BasicTattocjavascript@2344fc66]" name="changeBoxcolor" duration-ms="76" started-at="2016-07-11T15:00:09Z" depends-on-methods="BasicTattocjavascript.clickGreenbox" finished-at="2016-07-11T15:00:09Z">
          <exception class="org.openqa.selenium.WebDriverException">
            <message>
              <![CDATA[document.querySelector(...).contentWindow.document.querySelector(...).contentWindow.document.getElementById(...) is null
Command duration or timeout: 59 milliseconds
Build info: version: '2.53.0', revision: '35ae25b', time: '2016-03-15 17:00:58'
System info: host: 'ASDW0019', ip: '10.0.10.222', os.name: 'Windows 8.1', os.arch: 'amd64', os.version: '6.3', java.version: '1.8.0_91'
Driver info: org.openqa.selenium.firefox.FirefoxDriver
Capabilities [{applicationCacheEnabled=true, rotatable=false, handlesAlerts=true, databaseEnabled=true, version=43.0.1, platform=WINDOWS, nativeEvents=false, acceptSslCerts=true, webStorageEnabled=true, locationContextEnabled=true, browserName=firefox, takesScreenshot=true, javascriptEnabled=true, cssSelectorsEnabled=true}]
Session ID: 516b14c1-9886-4179-9984-e18273c8dda3]]>
            </message>
            <full-stacktrace>
              <![CDATA[org.openqa.selenium.WebDriverException: document.querySelector(...).contentWindow.document.querySelector(...).contentWindow.document.getElementById(...) is null
Command duration or timeout: 59 milliseconds
Build info: version: '2.53.0', revision: '35ae25b', time: '2016-03-15 17:00:58'
System info: host: 'ASDW0019', ip: '10.0.10.222', os.name: 'Windows 8.1', os.arch: 'amd64', os.version: '6.3', java.version: '1.8.0_91'
Driver info: org.openqa.selenium.firefox.FirefoxDriver
Capabilities [{applicationCacheEnabled=true, rotatable=false, handlesAlerts=true, databaseEnabled=true, version=43.0.1, platform=WINDOWS, nativeEvents=false, acceptSslCerts=true, webStorageEnabled=true, locationContextEnabled=true, browserName=firefox, takesScreenshot=true, javascriptEnabled=true, cssSelectorsEnabled=true}]
Session ID: 516b14c1-9886-4179-9984-e18273c8dda3
	at sun.reflect.NativeConstructorAccessorImpl.newInstance0(Native Method)
	at sun.reflect.NativeConstructorAccessorImpl.newInstance(Unknown Source)
	at sun.reflect.DelegatingConstructorAccessorImpl.newInstance(Unknown Source)
	at java.lang.reflect.Constructor.newInstance(Unknown Source)
	at org.openqa.selenium.remote.ErrorHandler.createThrowable(ErrorHandler.java:206)
	at org.openqa.selenium.remote.ErrorHandler.throwIfResponseFailed(ErrorHandler.java:158)
	at org.openqa.selenium.remote.RemoteWebDriver.execute(RemoteWebDriver.java:678)
	at org.openqa.selenium.remote.RemoteWebDriver.executeScript(RemoteWebDriver.java:577)
	at BasicTattocjavascript.changeBoxcolor(BasicTattocjavascript.java:71)
	at sun.reflect.NativeMethodAccessorImpl.invoke0(Native Method)
	at sun.reflect.NativeMethodAccessorImpl.invoke(Unknown Source)
	at sun.reflect.DelegatingMethodAccessorImpl.invoke(Unknown Source)
	at java.lang.reflect.Method.invoke(Unknown Source)
	at org.testng.internal.MethodInvocationHelper.invokeMethod(MethodInvocationHelper.java:85)
	at org.testng.internal.Invoker.invokeMethod(Invoker.java:639)
	at org.testng.internal.Invoker.invokeTestMethod(Invoker.java:816)
	at org.testng.internal.Invoker.invokeTestMethods(Invoker.java:1124)
	at org.testng.internal.TestMethodWorker.invokeTestMethods(TestMethodWorker.java:125)
	at org.testng.internal.TestMethodWorker.run(TestMethodWorker.java:108)
	at org.testng.TestRunner.privateRun(TestRunner.java:774)
	at org.testng.TestRunner.run(TestRunner.java:624)
	at org.testng.SuiteRunner.runTest(SuiteRunner.java:359)
	at org.testng.SuiteRunner.runSequentially(SuiteRunner.java:354)
	at org.testng.SuiteRunner.privateRun(SuiteRunner.java:312)
	at org.testng.SuiteRunner.run(SuiteRunner.java:261)
	at org.testng.SuiteRunnerWorker.runSuite(SuiteRunnerWorker.java:52)
	at org.testng.SuiteRunnerWorker.run(SuiteRunnerWorker.java:86)
	at org.testng.TestNG.runSuitesSequentially(TestNG.java:1215)
	at org.testng.TestNG.runSuitesLocally(TestNG.java:1140)
	at org.testng.TestNG.run(TestNG.java:1048)
	at org.testng.remote.AbstractRemoteTestNG.run(AbstractRemoteTestNG.java:126)
	at org.testng.remote.RemoteTestNG.initAndRun(RemoteTestNG.java:137)
	at org.testng.remote.RemoteTestNG.main(RemoteTestNG.java:58)
Caused by: org.openqa.selenium.WebDriverException: document.querySelector(...).contentWindow.document.querySelector(...).contentWindow.document.getElementById(...) is null
Build info: version: '2.53.0', revision: '35ae25b', time: '2016-03-15 17:00:58'
System info: host: 'ASDW0019', ip: '10.0.10.222', os.name: 'Windows 8.1', os.arch: 'amd64', os.version: '6.3', java.version: '1.8.0_91'
Driver info: driver.version: unknown
	at <anonymous class>.anonymous(http://10.0.1.86/tatoc/basic/frame/dungeon line 69 > Function:1)
	at <anonymous class>.handleEvaluateEvent(http://10.0.1.86/tatoc/basic/frame/dungeon:69)
]]>
            </full-stacktrace>
          </exception> <!-- org.openqa.selenium.WebDriverException -->
          <reporter-output>
          </reporter-output>
        </test-method> <!-- changeBoxcolor -->
        <test-method status="SKIP" signature="dragandDrop()[pri:0, instance:BasicTattocjavascript@2344fc66]" name="dragandDrop" duration-ms="0" started-at="2016-07-11T15:00:09Z" depends-on-methods="BasicTattocjavascript.changeBoxcolor" finished-at="2016-07-11T15:00:09Z">
          <exception class="java.lang.Throwable">
            <message>
              <![CDATA[Method BasicTattocjavascript.dragandDrop()[pri:0, instance:BasicTattocjavascript@2344fc66] depends on not successfully finished methods]]>
            </message>
            <full-stacktrace>
              <![CDATA[java.lang.Throwable: Method BasicTattocjavascript.dragandDrop()[pri:0, instance:BasicTattocjavascript@2344fc66] depends on not successfully finished methods
	at org.testng.internal.Invoker.invokeTestMethods(Invoker.java:1033)
	at org.testng.internal.TestMethodWorker.invokeTestMethods(TestMethodWorker.java:125)
	at org.testng.internal.TestMethodWorker.run(TestMethodWorker.java:108)
	at org.testng.TestRunner.privateRun(TestRunner.java:774)
	at org.testng.TestRunner.run(TestRunner.java:624)
	at org.testng.SuiteRunner.runTest(SuiteRunner.java:359)
	at org.testng.SuiteRunner.runSequentially(SuiteRunner.java:354)
	at org.testng.SuiteRunner.privateRun(SuiteRunner.java:312)
	at org.testng.SuiteRunner.run(SuiteRunner.java:261)
	at org.testng.SuiteRunnerWorker.runSuite(SuiteRunnerWorker.java:52)
	at org.testng.SuiteRunnerWorker.run(SuiteRunnerWorker.java:86)
	at org.testng.TestNG.runSuitesSequentially(TestNG.java:1215)
	at org.testng.TestNG.runSuitesLocally(TestNG.java:1140)
	at org.testng.TestNG.run(TestNG.java:1048)
	at org.testng.remote.AbstractRemoteTestNG.run(AbstractRemoteTestNG.java:126)
	at org.testng.remote.RemoteTestNG.initAndRun(RemoteTestNG.java:137)
	at org.testng.remote.RemoteTestNG.main(RemoteTestNG.java:58)
]]>
            </full-stacktrace>
          </exception> <!-- java.lang.Throwable -->
          <reporter-output>
          </reporter-output>
        </test-method> <!-- dragandDrop -->
        <test-method status="SKIP" signature="launchPopupwindow()[pri:0, instance:BasicTattocjavascript@2344fc66]" name="launchPopupwindow" duration-ms="0" started-at="2016-07-11T15:00:09Z" depends-on-methods="BasicTattocjavascript.dragandDrop" finished-at="2016-07-11T15:00:09Z">
          <exception class="java.lang.Throwable">
            <message>
              <![CDATA[Method BasicTattocjavascript.launchPopupwindow()[pri:0, instance:BasicTattocjavascript@2344fc66] depends on not successfully finished methods]]>
            </message>
            <full-stacktrace>
              <![CDATA[java.lang.Throwable: Method BasicTattocjavascript.launchPopupwindow()[pri:0, instance:BasicTattocjavascript@2344fc66] depends on not successfully finished methods
	at org.testng.internal.Invoker.invokeTestMethods(Invoker.java:1033)
	at org.testng.internal.TestMethodWorker.invokeTestMethods(TestMethodWorker.java:125)
	at org.testng.internal.TestMethodWorker.run(TestMethodWorker.java:108)
	at org.testng.TestRunner.privateRun(TestRunner.java:774)
	at org.testng.TestRunner.run(TestRunner.java:624)
	at org.testng.SuiteRunner.runTest(SuiteRunner.java:359)
	at org.testng.SuiteRunner.runSequentially(SuiteRunner.java:354)
	at org.testng.SuiteRunner.privateRun(SuiteRunner.java:312)
	at org.testng.SuiteRunner.run(SuiteRunner.java:261)
	at org.testng.SuiteRunnerWorker.runSuite(SuiteRunnerWorker.java:52)
	at org.testng.SuiteRunnerWorker.run(SuiteRunnerWorker.java:86)
	at org.testng.TestNG.runSuitesSequentially(TestNG.java:1215)
	at org.testng.TestNG.runSuitesLocally(TestNG.java:1140)
	at org.testng.TestNG.run(TestNG.java:1048)
	at org.testng.remote.AbstractRemoteTestNG.run(AbstractRemoteTestNG.java:126)
	at org.testng.remote.RemoteTestNG.initAndRun(RemoteTestNG.java:137)
	at org.testng.remote.RemoteTestNG.main(RemoteTestNG.java:58)
]]>
            </full-stacktrace>
          </exception> <!-- java.lang.Throwable -->
          <reporter-output>
          </reporter-output>
        </test-method> <!-- launchPopupwindow -->
        <test-method status="SKIP" signature="cookieGeneration()[pri:0, instance:BasicTattocjavascript@2344fc66]" name="cookieGeneration" duration-ms="1" started-at="2016-07-11T15:00:09Z" depends-on-methods="BasicTattocjavascript.launchPopupwindow" finished-at="2016-07-11T15:00:09Z">
          <exception class="java.lang.Throwable">
            <message>
              <![CDATA[Method BasicTattocjavascript.cookieGeneration()[pri:0, instance:BasicTattocjavascript@2344fc66] depends on not successfully finished methods]]>
            </message>
            <full-stacktrace>
              <![CDATA[java.lang.Throwable: Method BasicTattocjavascript.cookieGeneration()[pri:0, instance:BasicTattocjavascript@2344fc66] depends on not successfully finished methods
	at org.testng.internal.Invoker.invokeTestMethods(Invoker.java:1033)
	at org.testng.internal.TestMethodWorker.invokeTestMethods(TestMethodWorker.java:125)
	at org.testng.internal.TestMethodWorker.run(TestMethodWorker.java:108)
	at org.testng.TestRunner.privateRun(TestRunner.java:774)
	at org.testng.TestRunner.run(TestRunner.java:624)
	at org.testng.SuiteRunner.runTest(SuiteRunner.java:359)
	at org.testng.SuiteRunner.runSequentially(SuiteRunner.java:354)
	at org.testng.SuiteRunner.privateRun(SuiteRunner.java:312)
	at org.testng.SuiteRunner.run(SuiteRunner.java:261)
	at org.testng.SuiteRunnerWorker.runSuite(SuiteRunnerWorker.java:52)
	at org.testng.SuiteRunnerWorker.run(SuiteRunnerWorker.java:86)
	at org.testng.TestNG.runSuitesSequentially(TestNG.java:1215)
	at org.testng.TestNG.runSuitesLocally(TestNG.java:1140)
	at org.testng.TestNG.run(TestNG.java:1048)
	at org.testng.remote.AbstractRemoteTestNG.run(AbstractRemoteTestNG.java:126)
	at org.testng.remote.RemoteTestNG.initAndRun(RemoteTestNG.java:137)
	at org.testng.remote.RemoteTestNG.main(RemoteTestNG.java:58)
]]>
            </full-stacktrace>
          </exception> <!-- java.lang.Throwable -->
          <reporter-output>
          </reporter-output>
        </test-method> <!-- cookieGeneration -->
      </class> <!-- BasicTattocjavascript -->
    </test> <!-- Default test -->
  </suite> <!-- Default suite -->
</testng-results>
